<?xml version="1.0" encoding="UTF-8"?>
<!-- Generated by org.testng.reporters.JUnitReportReporter -->
<testsuite hostname="QSP" failures="0" tests="1" name="com.Skillrary.Ecommerce.Testcase1" time="27.673" errors="0" timestamp="2022-03-20T10:20:15 IST" skipped="0">
  <testcase classname="com.Skillrary.Ecommerce.Testcase1" name="tc1" time="27.673"/>
</testsuite> <!-- com.Skillrary.Ecommerce.Testcase1 -->
